2024-08-08 08:53:22 [main] INFO  c.m.d.t.t.k.s.TwitterToKafkaServiceApplication - Starting TwitterToKafkaServiceApplication using Java 11.0.9 on DESKTOP-NMDDEBR with PID 16172 (D:\Users\saksh\Projects\microservices-demo\twitter-to-kafka-service\target\classes started by Saksham Sarkar in D:\Users\saksh\Projects\microservices-demo)
2024-08-08 08:53:22 [main] INFO  c.m.d.t.t.k.s.TwitterToKafkaServiceApplication - The following 1 profile is active: "dev"
2024-08-08 08:53:23 [main] INFO  c.m.d.t.t.k.s.TwitterToKafkaServiceApplication - Started TwitterToKafkaServiceApplication in 1.518 seconds (JVM running for 3.587)
2024-08-08 09:23:32 [main] INFO  c.m.d.t.t.k.s.TwitterToKafkaServiceApplication - Starting TwitterToKafkaServiceApplication using Java 11.0.9 on DESKTOP-NMDDEBR with PID 4024 (D:\Users\saksh\Projects\microservices-demo\twitter-to-kafka-service\target\classes started by Saksham Sarkar in D:\Users\saksh\Projects\microservices-demo)
2024-08-08 09:23:32 [main] INFO  c.m.d.t.t.k.s.TwitterToKafkaServiceApplication - The following profiles are active: dev
2024-08-08 09:23:33 [main] INFO  c.m.d.t.t.k.s.TwitterToKafkaServiceApplication - Started TwitterToKafkaServiceApplication in 1.079 seconds (JVM running for 2.634)
2024-08-08 09:24:28 [main] INFO  c.m.d.t.t.k.s.TwitterToKafkaServiceApplication - Starting TwitterToKafkaServiceApplication using Java 11.0.9 on DESKTOP-NMDDEBR with PID 3528 (D:\Users\saksh\Projects\microservices-demo\twitter-to-kafka-service\target\classes started by Saksham Sarkar in D:\Users\saksh\Projects\microservices-demo)
2024-08-08 09:24:28 [main] INFO  c.m.d.t.t.k.s.TwitterToKafkaServiceApplication - The following profiles are active: dev
2024-08-08 09:24:29 [main] INFO  c.m.d.t.t.k.s.TwitterToKafkaServiceApplication - Started TwitterToKafkaServiceApplication in 1.226 seconds (JVM running for 2.608)
2024-08-08 09:34:33 [main] INFO  c.m.d.t.t.k.s.TwitterToKafkaServiceApplication - Starting TwitterToKafkaServiceApplication using Java 11.0.9 on DESKTOP-NMDDEBR with PID 10736 (D:\Users\saksh\Projects\microservices-demo\twitter-to-kafka-service\target\classes started by Saksham Sarkar in D:\Users\saksh\Projects\microservices-demo)
2024-08-08 09:34:33 [main] INFO  c.m.d.t.t.k.s.TwitterToKafkaServiceApplication - The following profiles are active: dev
2024-08-08 09:34:34 [main] INFO  c.m.d.t.t.k.s.TwitterToKafkaServiceApplication - Started TwitterToKafkaServiceApplication in 1.35 seconds (JVM running for 3.116)
2024-08-08 09:56:35 [main] INFO  c.m.d.t.t.k.s.TwitterToKafkaServiceApplication - Starting TwitterToKafkaServiceApplication using Java 11.0.9 on DESKTOP-NMDDEBR with PID 8404 (D:\Users\saksh\Projects\microservices-demo\twitter-to-kafka-service\target\classes started by Saksham Sarkar in D:\Users\saksh\Projects\microservices-demo)
2024-08-08 09:56:35 [main] INFO  c.m.d.t.t.k.s.TwitterToKafkaServiceApplication - No active profile set, falling back to default profiles: default
2024-08-08 09:56:37 [main] INFO  c.m.d.t.t.k.s.TwitterToKafkaServiceApplication - Started TwitterToKafkaServiceApplication in 2.852 seconds (JVM running for 4.928)
2024-08-08 10:14:26 [main] INFO  c.m.d.t.t.k.s.TwitterToKafkaServiceApplication - Starting TwitterToKafkaServiceApplication using Java 11.0.9 on DESKTOP-NMDDEBR with PID 16220 (D:\Users\saksh\Projects\microservices-demo\twitter-to-kafka-service\target\classes started by Saksham Sarkar in D:\Users\saksh\Projects\microservices-demo)
2024-08-08 10:14:26 [main] INFO  c.m.d.t.t.k.s.TwitterToKafkaServiceApplication - No active profile set, falling back to default profiles: default
2024-08-08 10:14:26 [main] INFO  c.m.d.t.t.k.s.TwitterToKafkaServiceApplication - Started TwitterToKafkaServiceApplication in 1.325 seconds (JVM running for 3.034)
2024-08-08 10:21:52 [main] INFO  c.m.d.t.t.k.s.TwitterToKafkaServiceApplication - Starting TwitterToKafkaServiceApplication using Java 11.0.9 on DESKTOP-NMDDEBR with PID 6772 (D:\Users\saksh\Projects\microservices-demo\twitter-to-kafka-service\target\classes started by Saksham Sarkar in D:\Users\saksh\Projects\microservices-demo)
2024-08-08 10:21:52 [main] INFO  c.m.d.t.t.k.s.TwitterToKafkaServiceApplication - No active profile set, falling back to default profiles: default
2024-08-08 10:21:52 [main] INFO  c.m.d.t.t.k.s.TwitterToKafkaServiceApplication - Started TwitterToKafkaServiceApplication in 1.303 seconds (JVM running for 2.607)
2024-08-08 10:23:17 [main] INFO  c.m.d.t.t.k.s.TwitterToKafkaServiceApplication - Starting TwitterToKafkaServiceApplication using Java 11.0.9 on DESKTOP-NMDDEBR with PID 2860 (D:\Users\saksh\Projects\microservices-demo\twitter-to-kafka-service\target\classes started by Saksham Sarkar in D:\Users\saksh\Projects\microservices-demo)
2024-08-08 10:23:17 [main] INFO  c.m.d.t.t.k.s.TwitterToKafkaServiceApplication - No active profile set, falling back to default profiles: default
2024-08-08 10:23:18 [main] INFO  c.m.d.t.t.k.s.TwitterToKafkaServiceApplication - Started TwitterToKafkaServiceApplication in 1.292 seconds (JVM running for 2.745)
2024-08-08 10:34:05 [main] INFO  c.m.d.t.t.k.s.TwitterToKafkaServiceApplication - Starting TwitterToKafkaServiceApplication on DESKTOP-NMDDEBR with PID 9140 (D:\Users\saksh\Projects\microservices-demo\twitter-to-kafka-service\target\classes started by Saksham Sarkar in D:\Users\saksh\Projects\microservices-demo)
2024-08-08 10:34:05 [main] INFO  c.m.d.t.t.k.s.TwitterToKafkaServiceApplication - No active profile set, falling back to default profiles: default
2024-08-08 10:34:06 [main] INFO  c.m.d.t.t.k.s.TwitterToKafkaServiceApplication - Started TwitterToKafkaServiceApplication in 1.318 seconds (JVM running for 3.203)
2024-08-08 10:35:52 [main] INFO  c.m.d.t.t.k.s.TwitterToKafkaServiceApplication - Starting TwitterToKafkaServiceApplication on DESKTOP-NMDDEBR with PID 1280 (D:\Users\saksh\Projects\microservices-demo\twitter-to-kafka-service\target\classes started by Saksham Sarkar in D:\Users\saksh\Projects\microservices-demo)
2024-08-08 10:35:52 [main] INFO  c.m.d.t.t.k.s.TwitterToKafkaServiceApplication - No active profile set, falling back to default profiles: default
2024-08-08 10:35:53 [main] INFO  c.m.d.t.t.k.s.TwitterToKafkaServiceApplication - Started TwitterToKafkaServiceApplication in 1.153 seconds (JVM running for 2.668)
